[127.0.0.1 09:56:46]
uid = -
params = "_ijt=64p53ciagv16rmp8fj0tl6rrdg"
uri = "/sisoptica/public_html/index.php?_ijt=64p53ciagv16rmp8fj0tl6rrdg"
[127.0.0.1 09:56:49]
uid = -
params = "_ijt=64p53ciagv16rmp8fj0tl6rrdg"
uri = "/sisoptica/public_html/index.php?_ijt=64p53ciagv16rmp8fj0tl6rrdg"
[127.0.0.1 10:17:14]
uid = -
params = "_ijt=rqkim25241glcg7tf2ac52e483"
uri = "/sisoptica/public_html/index.php?_ijt=rqkim25241glcg7tf2ac52e483"
[ 10:19:17]
uid = -
params = ""
uri = ""
[ 10:20:09]
uid = -
params = ""
uri = ""
[ 10:20:21]
uid = -
params = ""
uri = ""
[127.0.0.1 10:20:29]
uid = -
params = "_ijt=nksk63ru7o21ilp5nek6pqo09a&_ij_reload=RELOAD_ON_SAVE"
uri = "/sisoptica/public_html/index.php?_ijt=nksk63ru7o21ilp5nek6pqo09a&_ij_reload=RELOAD_ON_SAVE"
[127.0.0.1 10:20:41]
uid = 6
uname = "EDSON RAFAEL FURTADO RODRIGUES"
params = "op=login&login=RAFAEL&senha=123456&submeter=login"
uri = "/sisoptica/public_html/index.php?op=login"
[127.0.0.1 10:20:41]
uid = 6
uname = "EDSON RAFAEL FURTADO RODRIGUES"
params = "op=home"
uri = "/sisoptica/public_html/index.php?op=home"
[127.0.0.1 10:20:47]
uid = 6
uname = "EDSON RAFAEL FURTADO RODRIGUES"
params = "op=cad-equipe"
uri = "/sisoptica/public_html/index.php?op=cad-equipe"
[127.0.0.1 10:20:56]
uid = 6
uname = "EDSON RAFAEL FURTADO RODRIGUES"
params = "_ijt=nksk63ru7o21ilp5nek6pqo09a&_ij_reload=RELOAD_ON_SAVE"
uri = "/sisoptica/public_html/index.php?_ijt=nksk63ru7o21ilp5nek6pqo09a&_ij_reload=RELOAD_ON_SAVE"
[127.0.0.1 10:20:56]
uid = 6
uname = "EDSON RAFAEL FURTADO RODRIGUES"
params = "_ijt=nksk63ru7o21ilp5nek6pqo09a&_ij_reload=RELOAD_ON_SAVE"
uri = "/sisoptica/public_html/index.php?_ijt=nksk63ru7o21ilp5nek6pqo09a&_ij_reload=RELOAD_ON_SAVE"
[127.0.0.1 10:25:58]
uid = 6
uname = "EDSON RAFAEL FURTADO RODRIGUES"
params = "op=cad-equipe"
uri = "/sisoptica/public_html/index.php?op=cad-equipe"
[127.0.0.1 10:27:21]
uid = 6
uname = "EDSON RAFAEL FURTADO RODRIGUES"
params = "op=cad-equipe"
uri = "/sisoptica/public_html/index.php?op=cad-equipe"
[ 10:30:57]
uid = -
params = ""
uri = ""
[127.0.0.1 10:32:08]
uid = 6
uname = "EDSON RAFAEL FURTADO RODRIGUES"
params = "op=cad-equipe"
uri = "/sisoptica/public_html/index.php?op=cad-equipe"
[127.0.0.1 10:36:44]
uid = -
params = "op=logout"
uri = "/sisoptica/public_html/index.php?op=logout"
[127.0.0.1 10:36:44]
uid = -
params = ""
uri = "/sisoptica/public_html/index.php"
[127.0.0.1 10:36:51]
uid = 6
uname = "EDSON RAFAEL FURTADO RODRIGUES"
params = "op=login&login=RAFAEL&senha=123456&submeter=login"
uri = "/sisoptica/public_html/index.php?op=login"
[127.0.0.1 10:36:51]
uid = 6
uname = "EDSON RAFAEL FURTADO RODRIGUES"
params = "op=home"
uri = "/sisoptica/public_html/index.php?op=home"
[127.0.0.1 10:36:56]
uid = 6
uname = "EDSON RAFAEL FURTADO RODRIGUES"
params = "op=cad-equipe"
uri = "/sisoptica/public_html/index.php?op=cad-equipe"
[ 10:38:20]
uid = -
params = ""
uri = ""
[127.0.0.1 10:50:19]
uid = 6
uname = "EDSON RAFAEL FURTADO RODRIGUES"
params = "_ijt=v6o3d5to96l6dn0f8v8s5sbtvn&_ij_reload=RELOAD_ON_SAVE"
uri = "/sisoptica/public_html/index.php?_ijt=v6o3d5to96l6dn0f8v8s5sbtvn&_ij_reload=RELOAD_ON_SAVE"
[127.0.0.1 10:50:19]
uid = 6
uname = "EDSON RAFAEL FURTADO RODRIGUES"
params = "_ijt=v6o3d5to96l6dn0f8v8s5sbtvn&_ij_reload=RELOAD_ON_SAVE"
uri = "/sisoptica/public_html/index.php?_ijt=v6o3d5to96l6dn0f8v8s5sbtvn&_ij_reload=RELOAD_ON_SAVE"
[127.0.0.1 10:50:30]
uid = 6
uname = "EDSON RAFAEL FURTADO RODRIGUES"
params = "_ijt=v6o3d5to96l6dn0f8v8s5sbtvn&_ij_reload=RELOAD_ON_SAVE"
uri = "/sisoptica/public_html/index.php?_ijt=v6o3d5to96l6dn0f8v8s5sbtvn&_ij_reload=RELOAD_ON_SAVE"
[127.0.0.1 10:50:30]
uid = 6
uname = "EDSON RAFAEL FURTADO RODRIGUES"
params = "_ijt=v6o3d5to96l6dn0f8v8s5sbtvn&_ij_reload=RELOAD_ON_SAVE"
uri = "/sisoptica/public_html/index.php?_ijt=v6o3d5to96l6dn0f8v8s5sbtvn&_ij_reload=RELOAD_ON_SAVE"
[127.0.0.1 10:50:38]
uid = 6
uname = "EDSON RAFAEL FURTADO RODRIGUES"
params = "op=cad-equipe"
uri = "/sisoptica/public_html/index.php?op=cad-equipe"
[ 11:04:29]
uid = -
params = ""
uri = ""
