[2a02:4780:1:5::1a 00:23:54]
uid = -
params = ""
uri = "/"
[150.109.13.194 08:14:08]
uid = -
params = ""
uri = "/"
[35.93.64.87 08:56:50]
uid = -
params = ""
uri = "/"
[35.93.14.104 09:01:52]
uid = -
params = ""
uri = "/"
[34.220.77.156 09:06:42]
uid = -
params = ""
uri = "/"
[35.89.51.114 09:08:23]
uid = -
params = ""
uri = "/"
[54.70.167.93 09:13:07]
uid = -
params = ""
uri = "/"
[2001:4ca0:108:42::15 14:18:50]
uid = -
params = ""
uri = "/"
[44.227.127.2 18:19:48]
uid = -
params = ""
uri = "/"
[44.227.127.2 18:19:49]
uid = -
params = ""
uri = "/"
[44.227.127.2 18:19:49]
uid = -
params = ""
uri = "/"
[91.194.226.251 18:43:54]
uid = -
params = ""
uri = "/"
[2001:41d0:2:a1af::1 19:10:20]
uid = -
params = ""
uri = "/"
[2001:41d0:2:a1af::1 19:10:31]
uid = -
params = ""
uri = "/"
