[2a02:4780:1:5::1a 04:00:51]
uid = -
params = ""
uri = "/"
[54.213.240.222 04:34:01]
uid = -
params = ""
uri = "/"
[43.128.100.220 07:33:27]
uid = -
params = ""
uri = "/"
[2804:35c0:5003:2141:c05e:edb6:7a9a:6dad 09:46:20]
uid = -
params = ""
uri = "/"
[93.158.90.30 13:07:55]
uid = -
params = ""
uri = "/"
[45.128.163.88 14:06:21]
uid = -
params = ""
uri = "/"
[135.148.195.10 16:28:34]
uid = -
params = ""
uri = "/"
[178.128.37.79 23:22:22]
uid = -
params = ""
uri = "/"
[142.93.153.99 23:26:06]
uid = -
params = ""
uri = "/"
