[193.31.105.149 00:23:59]
uid = -
params = ""
uri = "/"
[69.160.160.58 03:54:41]
uid = -
params = ""
uri = "/"
[69.160.160.58 03:54:42]
uid = -
params = ""
uri = "/"
[2a02:4780:1:5::1a 04:00:51]
uid = -
params = ""
uri = "/"
[43.163.0.99 07:07:38]
uid = -
params = ""
uri = "/"
[185.219.41.251 08:45:54]
uid = -
params = ""
uri = "/"
[54.187.60.183 10:25:58]
uid = -
params = ""
uri = "/"
[54.187.60.183 10:25:59]
uid = -
params = ""
uri = "/"
[52.43.252.204 10:29:01]
uid = -
params = ""
uri = "/"
[52.43.252.204 10:29:02]
uid = -
params = ""
uri = "/"
[2001:41d0:2:a1af::1 12:44:36]
uid = -
params = ""
uri = "/"
[2001:41d0:2:a1af::1 12:44:36]
uid = -
params = ""
uri = "/"
[2001:41d0:2:a1af::1 12:44:36]
uid = -
params = ""
uri = "/"
[199.244.88.226 15:48:16]
uid = -
params = ""
uri = "/"
[64.227.152.235 23:34:11]
uid = -
params = ""
uri = "/"
