[62.3.6.70 03:07:40]
uid = -
params = ""
uri = "/"
[35.171.144.152 03:56:51]
uid = -
params = ""
uri = "/"
[2a02:4780:1:5::1a 04:00:51]
uid = -
params = ""
uri = "/"
[129.226.147.7 06:38:21]
uid = -
params = ""
uri = "/"
[2a06:4880:d000::e5 07:10:49]
uid = -
params = ""
uri = "/"
[5.133.192.138 07:45:08]
uid = -
params = ""
uri = "/"
[45.128.160.176 16:34:34]
uid = -
params = ""
uri = "/"
[146.190.68.11 23:16:50]
uid = -
params = ""
uri = "/"
[24.199.119.139 23:45:42]
uid = -
params = ""
uri = "/"
